Determining if the pthread_create exist failed with the following output:
Change Dir: /home/teo/Documentos/ros_ws/src/diffRobot/build/CMakeFiles/CMakeTmp

Run Build Command:"/usr/bin/make" "cmTC_cc19a/fast"
/usr/bin/make -f CMakeFiles/cmTC_cc19a.dir/build.make CMakeFiles/cmTC_cc19a.dir/build
make[1]: Entering directory '/home/teo/Documentos/ros_ws/src/diffRobot/build/CMakeFiles/CMakeTmp'
Building C object CMakeFiles/cmTC_cc19a.dir/CheckSymbolExists.c.o
/usr/bin/cc     -o CMakeFiles/cmTC_cc19a.dir/CheckSymbolExists.c.o   -c /home/teo/Documentos/ros_ws/src/diffRobot/build/CMakeFiles/CMakeTmp/CheckSymbolExists.c
Linking C executable cmTC_cc19a
/usr/bin/cmake -E cmake_link_script CMakeFiles/cmTC_cc19a.dir/link.txt --verbose=1
/usr/bin/cc       CMakeFiles/cmTC_cc19a.dir/CheckSymbolExists.c.o  -o cmTC_cc19a -rdynamic 
CMakeFiles/cmTC_cc19a.dir/CheckSymbolExists.c.o: In function `main':
CheckSymbolExists.c:(.text+0x16): undefined reference to `pthread_create'
collect2: error: ld returned 1 exit status
CMakeFiles/cmTC_cc19a.dir/build.make:97: recipe for target 'cmTC_cc19a' failed
make[1]: *** [cmTC_cc19a] Error 1
make[1]: Leaving directory '/home/teo/Documentos/ros_ws/src/diffRobot/build/CMakeFiles/CMakeTmp'
Makefile:126: recipe for target 'cmTC_cc19a/fast' failed
make: *** [cmTC_cc19a/fast] Error 2

File /home/teo/Documentos/ros_ws/src/diffRobot/build/CMakeFiles/CMakeTmp/CheckSymbolExists.c:
/* */
#include <pthread.h>

int main(int argc, char** argv)
{
  (void)argv;
#ifndef pthread_create
  return ((int*)(&pthread_create))[argc];
#else
  (void)argc;
  return 0;
#endif
}

Determining if the function pthread_create exists in the pthreads failed with the following output:
Change Dir: /home/teo/Documentos/ros_ws/src/diffRobot/build/CMakeFiles/CMakeTmp

Run Build Command:"/usr/bin/make" "cmTC_d7926/fast"
/usr/bin/make -f CMakeFiles/cmTC_d7926.dir/build.make CMakeFiles/cmTC_d7926.dir/build
make[1]: Entering directory '/home/teo/Documentos/ros_ws/src/diffRobot/build/CMakeFiles/CMakeTmp'
Building C object CMakeFiles/cmTC_d7926.dir/CheckFunctionExists.c.o
/usr/bin/cc    -DCHECK_FUNCTION_EXISTS=pthread_create   -o CMakeFiles/cmTC_d7926.dir/CheckFunctionExists.c.o   -c /usr/share/cmake-3.5/Modules/CheckFunctionExists.c
Linking C executable cmTC_d7926
/usr/bin/cmake -E cmake_link_script CMakeFiles/cmTC_d7926.dir/link.txt --verbose=1
/usr/bin/cc   -DCHECK_FUNCTION_EXISTS=pthread_create    CMakeFiles/cmTC_d7926.dir/CheckFunctionExists.c.o  -o cmTC_d7926 -rdynamic -lpthreads 
/usr/bin/ld: cannot find -lpthreads
collect2: error: ld returned 1 exit status
CMakeFiles/cmTC_d7926.dir/build.make:97: recipe for target 'cmTC_d7926' failed
make[1]: *** [cmTC_d7926] Error 1
make[1]: Leaving directory '/home/teo/Documentos/ros_ws/src/diffRobot/build/CMakeFiles/CMakeTmp'
Makefile:126: recipe for target 'cmTC_d7926/fast' failed
make: *** [cmTC_d7926/fast] Error 2


